Last updated on Sat Feb 28 14:33:15 UTC 2026
Last updated on Sun Mar  1 02:45:07 UTC 2026
Last updated on Sun Mar  1 04:51:05 UTC 2026
Last updated on Sun Mar  1 04:53:29 UTC 2026
Last updated on Sun Mar  1 05:01:20 UTC 2026
Last updated on Sun Mar  1 05:02:57 UTC 2026
Last updated on Sun Mar  1 05:09:38 UTC 2026
Last updated on Sun Mar  1 05:17:25 UTC 2026
Last updated on Sun Mar  1 05:18:45 UTC 2026
Last updated on Sun Mar  1 05:32:48 UTC 2026
Last updated on Mon Mar  2 05:31:42 UTC 2026
Last updated on Tue Mar  3 05:29:55 UTC 2026
Last updated on Wed Mar  4 05:15:08 UTC 2026
Last updated on Thu Mar  5 05:18:50 UTC 2026
Last updated on Fri Mar  6 05:16:00 UTC 2026
Last updated on Sat Mar  7 05:09:52 UTC 2026
Last updated on Sun Mar  8 05:15:40 UTC 2026
Last updated on Mon Mar  9 05:36:09 UTC 2026
Last updated on Tue Mar 10 05:16:31 UTC 2026
Last updated on Wed Mar 11 05:18:15 UTC 2026
Last updated on Thu Mar 12 05:31:04 UTC 2026
Last updated on Fri Mar 13 05:29:09 UTC 2026
